This is pdfTeX, Version 3.141592653-2.6-1.40.26 (TeX Live 2024/Arch Linux) (preloaded format=pdflatex 2025.1.10)  1 FEB 2025 08:28
entering extended mode
 restricted \write18 enabled.
 %&-line parsing enabled.
**maslow.tex
(./maslow.tex
LaTeX2e <2023-11-01> patch level 1
L3 programming layer <2024-02-20>
(/usr/share/texmf-dist/tex/latex/standalone/standalone.cls
Document Class: standalone 2022/10/10 v1.3b Class to compile TeX sub-files standalone
(/usr/share/texmf-dist/tex/latex/tools/shellesc.sty
Package: shellesc 2023/07/08 v1.0d unified shell escape interface for LaTeX
Package shellesc Info: Restricted shell escape enabled on input line 77.
) (/usr/share/texmf-dist/tex/generic/iftex/ifluatex.sty
Package: ifluatex 2019/10/25 v1.5 ifluatex legacy package. Use iftex instead.
 (/usr/share/texmf-dist/tex/generic/iftex/iftex.sty
Package: iftex 2022/02/03 v1.0f TeX engine tests
)) (/usr/share/texmf-dist/tex/latex/xkeyval/xkeyval.sty
Package: xkeyval 2022/06/16 v2.9 package option processing (HA)
 (/usr/share/texmf-dist/tex/generic/xkeyval/xkeyval.tex (/usr/share/texmf-dist/tex/generic/xkeyval/xkvutils.tex
\XKV@toks=\toks17
\XKV@tempa@toks=\toks18
 (/usr/share/texmf-dist/tex/generic/xkeyval/keyval.tex))
\XKV@depth=\count188
File: xkeyval.tex 2014/12/03 v2.7a key=value parser (HA)
))
\sa@internal=\count189
\c@sapage=\count190
 (/usr/share/texmf-dist/tex/latex/standalone/standalone.cfg
File: standalone.cfg 2022/10/10 v1.3b Default configuration file for 'standalone' class
) (/usr/share/texmf-dist/tex/latex/base/article.cls
Document Class: article 2023/05/17 v1.4n Standard LaTeX document class
(/usr/share/texmf-dist/tex/latex/base/size10.clo
File: size10.clo 2023/05/17 v1.4n Standard LaTeX file (size option)
)
\c@part=\count191
\c@section=\count192
\c@subsection=\count193
\c@subsubsection=\count194
\c@paragraph=\count195
\c@subparagraph=\count196
\c@figure=\count197
\c@table=\count198
\abovecaptionskip=\skip48
\belowcaptionskip=\skip49
\bibindent=\dimen140
)
\sa@box=\box51
) (/usr/share/texmf-dist/tex/latex/l3experimental/l3draw/l3draw.sty (/usr/share/texmf-dist/tex/latex/l3kernel/expl3.sty
Package: expl3 2024-02-20 L3 programming layer (loader) 
 (/usr/share/texmf-dist/tex/latex/l3backend/l3backend-pdftex.def
File: l3backend-pdftex.def 2024-02-20 L3 backend support: PDF output (pdfTeX)
\l__color_backend_stack_int=\count199
\l__pdf_internal_box=\box52
))
Package: l3draw 2024-02-20 L3 Experimental core drawing support
\l__draw_tmp_box=\box53
\g__draw_path_lastx_dim=\dimen141
\g__draw_path_lasty_dim=\dimen142
\g__draw_path_xmax_dim=\dimen143
\g__draw_path_xmin_dim=\dimen144
\g__draw_path_ymax_dim=\dimen145
\g__draw_path_ymin_dim=\dimen146
\l__draw_corner_xarc_dim=\dimen147
\l__draw_corner_yarc_dim=\dimen148
\l__draw_path_lastx_dim=\dimen149
\l__draw_path_lasty_dim=\dimen150
\l__draw_path_xmax_dim=\dimen151
\l__draw_path_xmin_dim=\dimen152
\l__draw_path_ymax_dim=\dimen153
\l__draw_path_ymin_dim=\dimen154
\l__draw_softpath_lastx_dim=\dimen155
\l__draw_softpath_lasty_dim=\dimen156
\l__draw_xvec_x_dim=\dimen157
\l__draw_xvec_y_dim=\dimen158
\l__draw_yvec_x_dim=\dimen159
\l__draw_yvec_y_dim=\dimen160
\l__draw_zvec_x_dim=\dimen161
\l__draw_zvec_y_dim=\dimen162
\g__draw_xmax_dim=\dimen163
\g__draw_xmin_dim=\dimen164
\g__draw_ymax_dim=\dimen165
\g__draw_ymin_dim=\dimen166
\l__draw_main_box=\box54
\l__draw_layer_main_box=\box55
\g__draw_id_int=\count266
\l__draw_baseline_dim=\dimen167
\l__draw_linewidth_dim=\dimen168
\l__draw_xmax_dim=\dimen169
\l__draw_xmin_dim=\dimen170
\l__draw_ymax_dim=\dimen171
\l__draw_ymin_dim=\dimen172
\g__draw_softpath_lastx_dim=\dimen173
\g__draw_softpath_lasty_dim=\dimen174
\l__draw_softpath_corneri_dim=\dimen175
\l__draw_softpath_cornerii_dim=\dimen176
\g__draw_linewidth_dim=\dimen177
\l_draw_default_linewidth_dim=\dimen178
\l__draw_xshift_dim=\dimen179
\l__draw_yshift_dim=\dimen180
)
\l_elpezmuerto_pyramid_width_dim=\dimen181
\l_elpezmuerto_pyramid_layer_height_dim=\dimen182
\l_elpezmuerto_pyramid_label_coffin=\box56
 (build/maslow.aux)
\openout1 = `maslow.aux'.

LaTeX Font Info:    Checking defaults for OML/cmm/m/it on input line 72.
LaTeX Font Info:    ... okay on input line 72.
LaTeX Font Info:    Checking defaults for OMS/cmsy/m/n on input line 72.
LaTeX Font Info:    ... okay on input line 72.
LaTeX Font Info:    Checking defaults for OT1/cmr/m/n on input line 72.
LaTeX Font Info:    ... okay on input line 72.
LaTeX Font Info:    Checking defaults for T1/cmr/m/n on input line 72.
LaTeX Font Info:    ... okay on input line 72.
LaTeX Font Info:    Checking defaults for TS1/cmr/m/n on input line 72.
LaTeX Font Info:    ... okay on input line 72.
LaTeX Font Info:    Checking defaults for OMX/cmex/m/n on input line 72.
LaTeX Font Info:    ... okay on input line 72.
LaTeX Font Info:    Checking defaults for U/cmr/m/n on input line 72.
LaTeX Font Info:    ... okay on input line 72.
 [1

{/var/lib/texmf/fonts/map/pdftex/updmap/pdftex.map}] (build/maslow.aux)
 ***********
LaTeX2e <2023-11-01> patch level 1
L3 programming layer <2024-02-20>
 ***********
 ) 
Here is how much of TeX's memory you used:
 1445 strings out of 476076
 30154 string characters out of 5793775
 1926187 words of memory out of 5000000
 23597 multiletter control sequences out of 15000+600000
 558069 words of font info for 36 fonts, out of 8000000 for 9000
 14 hyphenation exceptions out of 8191
 65i,5n,116p,204b,120s stack positions out of 10000i,1000n,20000p,200000b,200000s
</usr/share/texmf-dist/fonts/type1/public/amsfonts/cm/cmr10.pfb>
Output written on build/maslow.pdf (1 page, 10665 bytes).
PDF statistics:
 13 PDF objects out of 1000 (max. 8388607)
 7 compressed objects within 1 object stream
 0 named destinations out of 1000 (max. 500000)
 1 words of extra memory for PDF output out of 10000 (max. 10000000)

